<?xml version="1.0" encoding="UTF-8"?>
<!-- Generated by org.testng.reporters.JUnitXMLReporter -->
<testsuite hostname="RAJ" name="Test" tests="13" failures="0" timestamp="29 Oct 2015 17:15:20 GMT" time="0.064" errors="0">
  <testcase name="createUserTest" time="0.016" classname="batchexecution.CreateUser"/>
  <testcase name="createCustomerTest" time="0.0" classname="batchexecution.ProjectAndCustomer"/>
  <testcase name="loginTest" time="0.0" classname="batchexecution.User"/>
  <testcase name="loginTest" time="0.0" classname="batchexecution.User"/>
  <testcase name="loginTest" time="0.0" classname="batchexecution.User"/>
  <testcase name="loginTest" time="0.0" classname="batchexecution.User"/>
  <testcase name="loginTest" time="0.015" classname="batchexecution.User"/>
  <testcase name="loginTest" time="0.0" classname="batchexecution.User"/>
  <testcase name="loginTest" time="0.0" classname="batchexecution.User"/>
  <testcase name="loginTest" time="0.0" classname="batchexecution.User"/>
  <testcase name="loginTest" time="0.0" classname="batchexecution.User"/>
  <testcase name="loginTest" time="0.0" classname="batchexecution.User"/>
  <testcase name="logoutTest" time="0.0" classname="batchexecution.User"/>
</testsuite> <!-- Test -->
